<?xml version="1.0" encoding="UTF-8"?>
<!-- Generated by org.testng.reporters.JUnitReportReporter -->
<testsuite skipped="0" hostname="QA-RANGARAJAN" name="Android.SanityDeviceBrowser" tests="5" failures="0" timestamp="02 Jul 2020 06:20:11 GMT" time="319.461" errors="0">
  <testcase name="verify_BorrowEBook" time="130.113" classname="Android.SanityDeviceBrowser"/>
  <testcase name="verifyValidLogin" time="22.829" classname="Android.SanityDeviceBrowser"/>
  <testcase name="verifyShelf" time="10.407" classname="Android.SanityDeviceBrowser"/>
  <testcase name="verifyFilter" time="69.563" classname="Android.SanityDeviceBrowser"/>
  <testcase name="verify_BorrowAudioBook" time="86.549" classname="Android.SanityDeviceBrowser"/>
</testsuite> <!-- Android.SanityDeviceBrowser -->
