<?xml version="1.0" encoding="UTF-8"?>
<!-- Generated by org.testng.reporters.JUnitReportReporter -->
<testsuite skipped="0" hostname="QA-RANGARAJAN" name="Android.SanityDeviceTest" tests="7" failures="0" timestamp="03 Jul 2020 05:59:58 GMT" time="264.403" errors="0">
  <testcase name="verifyLogin" time="24.234" classname="Android.SanityDeviceTest"/>
  <testcase name="verifyShelfName" time="4.937" classname="Android.SanityDeviceTest"/>
  <testcase name="verify_eBookFilter" time="49.371" classname="Android.SanityDeviceTest"/>
  <testcase name="verify_AudioBookFilter" time="53.074" classname="Android.SanityDeviceTest"/>
  <testcase name="verify_BorrowEBook" time="33.964" classname="Android.SanityDeviceTest"/>
  <testcase name="verify_BorrowAudioBook" time="84.054" classname="Android.SanityDeviceTest"/>
  <testcase name="verifyInvalidUser" time="14.769" classname="Android.SanityDeviceTest"/>
</testsuite> <!-- Android.SanityDeviceTest -->
