<?xml version="1.0" encoding="UTF-8"?>
<!-- Generated by org.testng.reporters.JUnitReportReporter -->
<testsuite skipped="0" hostname="QA-RANGARAJAN" name="WPT.SanityTests" tests="7" failures="0" timestamp="03 Jul 2020 05:59:58 GMT" time="197.506" errors="0">
  <testcase name="verify_Shelf" time="0.961" classname="WPT.SanityTests"/>
  <testcase name="search_AudioBook" time="4.370" classname="WPT.SanityTests"/>
  <testcase name="verify_Filter" time="12.879" classname="WPT.SanityTests"/>
  <testcase name="search_EBook" time="4.107" classname="WPT.SanityTests"/>
  <testcase name="borrow_AudioBook" time="57.573" classname="WPT.SanityTests"/>
  <testcase name="borrow_EBook" time="104.856" classname="WPT.SanityTests"/>
  <testcase name="verify_ValidUser" time="12.760" classname="WPT.SanityTests"/>
</testsuite> <!-- WPT.SanityTests -->
