<?xml version="1.0" encoding="UTF-8"?>
<!-- Generated by org.testng.reporters.JUnitReportReporter -->
<testsuite skipped="0" hostname="QA-RANGARAJAN" name="Android.SanityDeviceBrowser" tests="5" failures="0" timestamp="03 Jul 2020 05:59:58 GMT" time="323.221" errors="0">
  <testcase name="verify_BorrowAudioBook" time="88.249" classname="Android.SanityDeviceBrowser"/>
  <testcase name="verify_BorrowEBook" time="128.794" classname="Android.SanityDeviceBrowser"/>
  <testcase name="verifyShelf" time="11.720" classname="Android.SanityDeviceBrowser"/>
  <testcase name="verifyFilter" time="67.128" classname="Android.SanityDeviceBrowser"/>
  <testcase name="verifyValidLogin" time="27.330" classname="Android.SanityDeviceBrowser"/>
</testsuite> <!-- Android.SanityDeviceBrowser -->
