<?xml version="1.0" encoding="UTF-8"?>
<!-- Generated by org.testng.reporters.JUnitReportReporter -->
<testsuite skipped="0" hostname="QA-RANGARAJAN" name="Android.SanityDeviceTest" tests="7" failures="0" timestamp="02 Jul 2020 06:20:11 GMT" time="266.325" errors="0">
  <testcase name="verifyLogin" time="21.148" classname="Android.SanityDeviceTest"/>
  <testcase name="verify_BorrowEBook" time="31.216" classname="Android.SanityDeviceTest"/>
  <testcase name="verifyShelfName" time="4.694" classname="Android.SanityDeviceTest"/>
  <testcase name="verify_AudioBookFilter" time="52.035" classname="Android.SanityDeviceTest"/>
  <testcase name="verifyInvalidUser" time="9.367" classname="Android.SanityDeviceTest"/>
  <testcase name="verify_eBookFilter" time="48.041" classname="Android.SanityDeviceTest"/>
  <testcase name="verify_BorrowAudioBook" time="99.824" classname="Android.SanityDeviceTest"/>
</testsuite> <!-- Android.SanityDeviceTest -->
