<?xml version="1.0" encoding="UTF-8"?>
<!-- Generated by org.testng.reporters.JUnitReportReporter -->
<testsuite skipped="0" hostname="QA-RANGARAJAN" name="WPT.SanityTests" tests="7" failures="0" timestamp="02 Jul 2020 06:20:11 GMT" time="229.095" errors="0">
  <testcase name="search_EBook" time="4.333" classname="WPT.SanityTests"/>
  <testcase name="verify_Shelf" time="0.787" classname="WPT.SanityTests"/>
  <testcase name="verify_Filter" time="14.633" classname="WPT.SanityTests"/>
  <testcase name="borrow_EBook" time="134.894" classname="WPT.SanityTests"/>
  <testcase name="verify_ValidUser" time="5.519" classname="WPT.SanityTests"/>
  <testcase name="borrow_AudioBook" time="64.644" classname="WPT.SanityTests"/>
  <testcase name="search_AudioBook" time="4.285" classname="WPT.SanityTests"/>
</testsuite> <!-- WPT.SanityTests -->
