<?xml version="1.0" encoding="UTF-8"?>
<!-- Generated by org.testng.reporters.JUnitReportReporter -->
<testsuite skipped="0" hostname="QA-RANGARAJAN" name="Android.SanityDeviceTest" tests="10" failures="0" timestamp="01 Jun 2021 05:03:13 GMT" time="345.121" errors="0">
  <testcase name="verify_BorrowAudioBook" time="34.144" classname="Android.SanityDeviceTest"/>
  <testcase name="verifyLogin" time="23.782" classname="Android.SanityDeviceTest"/>
  <testcase name="verifyShelfName" time="14.426" classname="Android.SanityDeviceTest"/>
  <testcase name="verify_BorrowEBook" time="26.936" classname="Android.SanityDeviceTest"/>
  <testcase name="verify_AllLanguageFilter" time="39.579" classname="Android.SanityDeviceTest"/>
  <testcase name="verify_eBookFilter" time="59.106" classname="Android.SanityDeviceTest"/>
  <testcase name="verify_BorrowPDF" time="26.298" classname="Android.SanityDeviceTest"/>
  <testcase name="verify_AudioBookFilter" time="68.206" classname="Android.SanityDeviceTest"/>
  <testcase name="verifyInvalidUser" time="11.646" classname="Android.SanityDeviceTest"/>
  <testcase name="verify_FavoritesFilter" time="40.998" classname="Android.SanityDeviceTest"/>
</testsuite> <!-- Android.SanityDeviceTest -->
