<?xml version="1.0" encoding="UTF-8"?>
<!-- Generated by org.testng.reporters.JUnitReportReporter -->
<testsuite skipped="0" hostname="QA-RANGARAJAN" name="WPT.SanityTests" tests="13" failures="0" timestamp="25 May 2021 06:49:15 GMT" time="353.079" errors="0">
  <testcase name="verify_EBookGotoPage" time="6.424" classname="WPT.SanityTests"/>
  <testcase name="verify_ValidUser" time="3.179" classname="WPT.SanityTests"/>
  <testcase name="verify_EBookBookmarkDelete" time="14.745" classname="WPT.SanityTests"/>
  <testcase name="search_AudioBook" time="4.154" classname="WPT.SanityTests"/>
  <testcase name="verify_Filter" time="17.851" classname="WPT.SanityTests"/>
  <testcase name="borrow_EBook" time="94.359" classname="WPT.SanityTests"/>
  <testcase name="verify_flaggedTitle" time="27.134" classname="WPT.SanityTests"/>
  <testcase name="verify_EBookBookmark" time="78.259" classname="WPT.SanityTests"/>
  <testcase name="search_EBook" time="4.059" classname="WPT.SanityTests"/>
  <testcase name="borrow_AudioBook" time="60.565" classname="WPT.SanityTests"/>
  <testcase name="verify_Suggest" time="33.448" classname="WPT.SanityTests"/>
  <testcase name="verify_ClearHistory" time="7.361" classname="WPT.SanityTests"/>
  <testcase name="verify_Shelf" time="1.541" classname="WPT.SanityTests"/>
</testsuite> <!-- WPT.SanityTests -->
