<?xml version="1.0" encoding="UTF-8"?>
<!-- Generated by org.testng.reporters.JUnitReportReporter -->
<testsuite skipped="0" hostname="QA-RANGARAJAN" name="Android.SanityDeviceTest" tests="7" failures="0" timestamp="06 Nov 2020 06:59:01 GMT" time="185.524" errors="0">
  <testcase name="verify_BorrowEBook" time="20.771" classname="Android.SanityDeviceTest"/>
  <testcase name="verifyShelfName" time="3.942" classname="Android.SanityDeviceTest"/>
  <testcase name="verifyInvalidUser" time="9.946" classname="Android.SanityDeviceTest"/>
  <testcase name="verify_eBookFilter" time="55.341" classname="Android.SanityDeviceTest"/>
  <testcase name="verify_BorrowAudioBook" time="26.793" classname="Android.SanityDeviceTest"/>
  <testcase name="verify_AudioBookFilter" time="50.136" classname="Android.SanityDeviceTest"/>
  <testcase name="verifyLogin" time="18.595" classname="Android.SanityDeviceTest"/>
</testsuite> <!-- Android.SanityDeviceTest -->
