<?xml version="1.0" encoding="UTF-8"?>
<!-- Generated by org.testng.reporters.JUnitReportReporter -->
<testsuite skipped="1" hostname="QA-RANGARAJAN" name="WPT.SanityTests" tests="14" failures="0" timestamp="06 Nov 2020 06:59:01 GMT" time="485.810" errors="0">
  <testcase name="verify_ValidUser" time="3.319" classname="WPT.SanityTests"/>
  <testcase name="verify_ClearHistory" time="11.090" classname="WPT.SanityTests"/>
  <testcase name="verify_EBookBookmark" time="105.235" classname="WPT.SanityTests"/>
  <testcase name="verify_EBookGotoPage" time="6.411" classname="WPT.SanityTests"/>
  <testcase name="search_AudioBook" time="4.070" classname="WPT.SanityTests"/>
  <testcase name="search_EBook" time="4.466" classname="WPT.SanityTests"/>
  <testcase name="borrow_EBook" time="105.322" classname="WPT.SanityTests"/>
  <testcase name="borrow_AudioBook" time="58.467" classname="WPT.SanityTests"/>
  <testcase name="verify_Suggest" time="32.819" classname="WPT.SanityTests"/>
  <testcase name="verify_flaggedTitle" time="25.181" classname="WPT.SanityTests"/>
  <testcase name="verify_EBookBookmarkDelete" time="14.872" classname="WPT.SanityTests"/>
  <testcase name="verify_Shelf" time="1.711" classname="WPT.SanityTests"/>
  <testcase name="verify_Filter" time="14.564" classname="WPT.SanityTests"/>
  <testcase name="borrow_EBook" time="98.283" classname="WPT.SanityTests">
    <skipped/>
  </testcase> <!-- borrow_EBook -->
</testsuite> <!-- WPT.SanityTests -->
