<?xml version="1.0" encoding="UTF-8"?>
<!-- Generated by org.testng.reporters.JUnitReportReporter -->
<testsuite skipped="0" hostname="QA-RANGARAJAN" name="Android.SanityDeviceTest" tests="10" failures="0" timestamp="25 May 2021 06:49:15 GMT" time="288.559" errors="0">
  <testcase name="verify_FavoritesFilter" time="36.157" classname="Android.SanityDeviceTest"/>
  <testcase name="verify_BorrowAudioBook" time="28.305" classname="Android.SanityDeviceTest"/>
  <testcase name="verify_eBookFilter" time="52.214" classname="Android.SanityDeviceTest"/>
  <testcase name="verify_AllLanguageFilter" time="32.069" classname="Android.SanityDeviceTest"/>
  <testcase name="verify_AudioBookFilter" time="57.657" classname="Android.SanityDeviceTest"/>
  <testcase name="verify_BorrowPDF" time="19.307" classname="Android.SanityDeviceTest"/>
  <testcase name="verifyShelfName" time="14.996" classname="Android.SanityDeviceTest"/>
  <testcase name="verifyInvalidUser" time="9.241" classname="Android.SanityDeviceTest"/>
  <testcase name="verify_BorrowEBook" time="21.067" classname="Android.SanityDeviceTest"/>
  <testcase name="verifyLogin" time="17.546" classname="Android.SanityDeviceTest"/>
</testsuite> <!-- Android.SanityDeviceTest -->
