<?xml version="1.0" encoding="UTF-8"?>
<!-- Generated by org.testng.reporters.JUnitReportReporter -->
<testsuite skipped="1" hostname="QA-RANGARAJAN" name="WPT.SanityTests" tests="14" failures="0" timestamp="01 Jun 2021 05:03:13 GMT" time="468.558" errors="0">
  <testcase name="verify_ValidUser" time="3.167" classname="WPT.SanityTests"/>
  <testcase name="borrow_AudioBook" time="57.251" classname="WPT.SanityTests"/>
  <testcase name="search_EBook" time="3.797" classname="WPT.SanityTests"/>
  <testcase name="verify_flaggedTitle" time="33.999" classname="WPT.SanityTests"/>
  <testcase name="borrow_EBook" time="86.132" classname="WPT.SanityTests">
    <skipped/>
  </testcase> <!-- borrow_EBook -->
  <testcase name="verify_Suggest" time="45.875" classname="WPT.SanityTests"/>
  <testcase name="borrow_EBook" time="101.421" classname="WPT.SanityTests"/>
  <testcase name="verify_EBookBookmarkDelete" time="14.716" classname="WPT.SanityTests"/>
  <testcase name="verify_ClearHistory" time="12.533" classname="WPT.SanityTests"/>
  <testcase name="verify_EBookBookmark" time="81.983" classname="WPT.SanityTests"/>
  <testcase name="verify_EBookGotoPage" time="6.381" classname="WPT.SanityTests"/>
  <testcase name="verify_Filter" time="14.870" classname="WPT.SanityTests"/>
  <testcase name="verify_Shelf" time="2.409" classname="WPT.SanityTests"/>
  <testcase name="search_AudioBook" time="4.024" classname="WPT.SanityTests"/>
</testsuite> <!-- WPT.SanityTests -->
